TN:
SF:src/AjnaPoker.sol
FN:20,AjnaPoker.checkPool
FNDA:4,AjnaPoker.checkPool
DA:21,4
DA:21,4
DA:21,4
DA:22,4
DA:22,4
BRDA:22,0,0,1
BRDA:22,0,1,3
DA:23,1
DA:23,1
DA:25,3
DA:25,3
DA:25,3
DA:26,3
DA:26,3
BRDA:26,1,0,1
BRDA:26,1,1,2
DA:27,1
DA:27,1
DA:29,2
DA:29,2
BRDA:29,2,0,1
BRDA:29,2,1,1
DA:30,1
DA:30,1
DA:32,1
DA:32,1
FN:35,AjnaPoker.checkPoolWithParams
FNDA:11,AjnaPoker.checkPoolWithParams
DA:39,11
DA:39,11
FN:42,AjnaPoker.checkPoolWithRateProvider
FNDA:2,AjnaPoker.checkPoolWithRateProvider
DA:46,2
DA:46,2
DA:46,2
DA:48,2
DA:48,2
FN:51,AjnaPoker.checkPools
FNDA:2,AjnaPoker.checkPools
DA:52,2
DA:52,2
DA:53,2
DA:53,2
DA:54,2
DA:54,2
DA:54,2
DA:55,2
DA:55,2
DA:55,9
DA:55,7
DA:56,7
DA:56,7
DA:56,7
DA:57,7
DA:57,7
BRDA:57,3,0,2
BRDA:57,3,1,5
DA:58,2
DA:58,2
DA:60,5
DA:60,5
DA:60,5
DA:61,5
DA:61,5
BRDA:61,4,0,1
BRDA:61,4,1,4
DA:62,1
DA:62,1
DA:64,4
DA:64,4
BRDA:64,5,0,2
BRDA:64,5,1,2
DA:65,2
DA:65,2
DA:67,2
DA:67,2
DA:68,2
DA:68,2
DA:70,2
DA:70,2
BRDA:70,6,0,1
BRDA:70,6,1,1
DA:71,1
DA:71,1
DA:76,1
DA:76,1
DA:76,1
DA:77,1
DA:77,1
DA:77,1
DA:78,1
DA:78,1
DA:78,3
DA:78,2
DA:79,2
DA:79,2
DA:81,1
DA:81,1
DA:82,1
DA:82,1
FN:85,AjnaPoker.checkPoolsWithParams
FNDA:5,AjnaPoker.checkPoolsWithParams
DA:89,5
DA:89,5
FN:92,AjnaPoker.checkPoolsWithRateProvider
FNDA:1,AjnaPoker.checkPoolsWithRateProvider
DA:98,1
DA:98,1
DA:98,1
DA:99,1
DA:99,1
FN:102,AjnaPoker._checkDebtExists
FNDA:42,AjnaPoker._checkDebtExists
DA:103,42
DA:103,42
DA:103,42
DA:104,42
DA:104,42
DA:104,42
FN:107,AjnaPoker._checkInterestRate
FNDA:31,AjnaPoker._checkInterestRate
DA:111,31
DA:111,31
DA:111,31
DA:112,31
DA:112,31
DA:112,31
BRDA:112,7,0,3
BRDA:112,7,1,28
DA:113,3
DA:113,3
DA:115,28
DA:115,28
DA:116,28
DA:116,28
DA:116,28
DA:117,28
DA:117,28
DA:118,28
DA:118,28
DA:119,28
DA:119,28
FN:122,AjnaPoker._checkPoolWithParams
FNDA:13,AjnaPoker._checkPoolWithParams
DA:126,13
DA:126,13
DA:126,13
DA:126,2
BRDA:126,8,0,1
BRDA:126,8,1,12
DA:127,1
DA:127,1
DA:129,12
DA:129,12
DA:129,12
DA:129,5
BRDA:129,9,0,1
BRDA:129,9,1,11
DA:130,1
DA:130,1
DA:132,11
DA:132,11
DA:132,11
DA:133,11
DA:133,11
BRDA:133,10,0,1
BRDA:133,10,1,10
DA:134,1
DA:134,1
DA:136,10
DA:136,10
DA:136,10
DA:137,10
DA:137,10
BRDA:137,11,0,1
BRDA:137,11,1,9
DA:138,1
DA:138,1
DA:140,9
DA:140,9
BRDA:140,12,0,-
BRDA:140,12,1,2
DA:141,3
DA:141,3
BRDA:141,13,0,1
BRDA:141,13,1,2
DA:142,1
DA:142,1
DA:144,2
DA:144,2
BRDA:144,14,0,-
BRDA:144,14,1,2
DA:145,0
DA:145,0
DA:148,8
DA:148,8
BRDA:148,15,0,2
BRDA:148,15,1,6
DA:149,2
DA:149,2
DA:151,6
DA:151,6
DA:151,6
DA:151,3
BRDA:151,16,0,1
BRDA:151,16,1,5
DA:152,1
DA:152,1
DA:154,5
DA:154,5
DA:154,5
DA:154,3
BRDA:154,17,0,1
BRDA:154,17,1,4
DA:155,1
DA:155,1
DA:157,4
DA:157,4
FN:160,AjnaPoker._checkPoolsWithParams
FNDA:6,AjnaPoker._checkPoolsWithParams
DA:164,6
DA:164,6
DA:164,6
DA:164,2
BRDA:164,18,0,-
BRDA:164,18,1,6
DA:165,0
DA:165,0
DA:167,6
DA:167,6
DA:167,6
DA:167,4
BRDA:167,19,0,1
BRDA:167,19,1,5
DA:168,1
DA:168,1
DA:170,5
DA:170,5
DA:171,5
DA:171,5
DA:172,5
DA:172,5
DA:172,5
DA:173,5
DA:173,5
DA:173,25
DA:173,20
DA:174,20
DA:174,20
DA:174,20
DA:175,20
DA:175,20
BRDA:175,20,0,7
BRDA:175,20,1,13
DA:176,7
DA:176,7
DA:178,13
DA:178,13
DA:178,13
DA:179,13
DA:179,13
BRDA:179,21,0,-
BRDA:179,21,1,13
DA:180,0
DA:180,0
DA:182,13
DA:182,13
BRDA:182,22,0,1
BRDA:182,22,1,1
DA:183,2
DA:183,2
DA:183,2
DA:183,0
BRDA:183,23,0,-
BRDA:183,23,1,2
DA:184,0
DA:184,0
DA:186,2
DA:186,2
DA:186,2
DA:186,2
BRDA:186,24,0,1
BRDA:186,24,1,1
DA:187,1
DA:187,1
DA:190,12
DA:190,12
BRDA:190,25,0,4
BRDA:190,25,1,8
DA:191,4
DA:191,4
DA:193,8
DA:193,8
DA:193,8
DA:193,3
BRDA:193,26,0,2
BRDA:193,26,1,6
DA:194,2
DA:194,2
DA:196,6
DA:196,6
DA:196,6
DA:196,3
BRDA:196,27,0,1
BRDA:196,27,1,5
DA:197,1
DA:197,1
DA:199,5
DA:199,5
DA:200,5
DA:200,5
DA:202,5
DA:202,5
BRDA:202,28,0,1
BRDA:202,28,1,4
DA:203,1
DA:203,1
DA:208,4
DA:208,4
DA:208,4
DA:209,4
DA:209,4
DA:209,4
DA:210,4
DA:210,4
DA:210,9
DA:210,5
DA:211,5
DA:211,5
DA:213,4
DA:213,4
DA:214,4
DA:214,4
FNF:10
FNH:10
LF:104
LH:100
BRF:58
BRH:53
end_of_record
TN:
SF:test/mocks/MockPool.sol
FN:14,MockPool.updateInterest
FNDA:29,MockPool.updateInterest
DA:15,29
DA:15,29
DA:15,29
DA:15,29
DA:15,1
BRDA:15,0,0,11
BRDA:15,0,1,9
DA:16,29
DA:16,29
BRDA:16,1,0,20
BRDA:16,1,1,29
DA:16,20
BRDA:16,2,0,11
BRDA:16,2,1,9
DA:17,11
DA:17,11
DA:18,11
DA:18,11
DA:20,9
DA:20,9
DA:21,9
DA:21,9
FN:26,MockPool.set
FNDA:24,MockPool.set
DA:27,24
DA:27,24
DA:28,24
DA:28,24
DA:29,24
DA:29,24
FN:32,MockPool.interestRateInfo
FNDA:59,MockPool.interestRateInfo
DA:33,59
DA:33,59
FN:36,MockPool.debtInfo
FNDA:42,MockPool.debtInfo
DA:37,42
DA:37,42
FNF:4
FNH:4
LF:11
LH:11
BRF:6
BRH:6
end_of_record
